<?xml version="1.0" encoding="utf-8"?><testsuites name="pytest tests"><testsuite name="pytest" errors="0" failures="0" skipped="0" tests="5" time="1.332" timestamp="2026-07-05T14:01:46.608001+00:00" hostname="agent-env-e0f72293-8e2a-47f5-a5e6-f343bf57daaa"><testcase classname="backend.tests.test_sensor_api.TestBackendRoot" name="test_root_message" time="0.291" /><testcase classname="backend.tests.test_sensor_api.TestMockSensor" name="test_mock_sensor_returns_numeric_fields" time="0.313" /><testcase classname="backend.tests.test_sensor_api.TestMockSensor" name="test_mock_sensor_no_time_keys" time="0.102" /><testcase classname="backend.tests.test_sensor_api.TestMockSensor" name="test_mock_sensor_ranges" time="0.088" /><testcase classname="backend.tests.test_sensor_api.TestMockSensor" name="test_mock_sensor_variability" time="0.477" /></testsuite></testsuites>